Using pre-set license

 COMMAND LINE ARGUMENTS:
/Applications/Unity/Hub/Editor/2020.2.2f1/Unity.app/Contents/MacOS/Unity
-adb2
-batchMode
-noUpm
-name
AssetImportWorker0
-projectPath
/Users/kai/College/GE2/Code/Game Engines 2 Examples 2021
-logFile
Logs/AssetImportWorker0.log
-srvPort
60767
Successfully changed project path to: /Users/kai/College/GE2/Code/Game Engines 2 Examples 2021
/Users/kai/College/GE2/Code/Game Engines 2 Examples 2021
Using Asset Import Pipeline V2.
Refreshing native plugins compatible for Editor in 99.46 ms, found 1 plugins.
Preloading 0 native plugins for Editor in 0.00 ms.
Initialize engine version: 2020.2.2f1 (068178b99f32)
[Subsystems] Discovering subsystems at path /Applications/Unity/Hub/Editor/2020.2.2f1/Unity.app/Contents/Resources/UnitySubsystems
[Subsystems] Discovering subsystems at path /Users/kai/College/GE2/Code/Game Engines 2 Examples 2021/Assets
GfxDevice: creating device client; threaded=0
2021-02-19 00:55:05.445 Unity[16189:607911] LG IPS FULLHD preferred device: Intel(R) Iris(TM) Graphics 540 (low power)
2021-02-19 00:55:05.445 Unity[16189:607911] Metal devices available: 1
2021-02-19 00:55:05.445 Unity[16189:607911] 0: Intel(R) Iris(TM) Graphics 540 (low power)
2021-02-19 00:55:05.448 Unity[16189:607911] Using device Intel(R) Iris(TM) Graphics 540 (low power)
Initializing Metal device caps: Intel(R) Iris(TM) Graphics 540
Initialize mono
Mono path[0] = '/Applications/Unity/Hub/Editor/2020.2.2f1/Unity.app/Contents/Managed'
Mono path[1] = '/Applications/Unity/Hub/Editor/2020.2.2f1/Unity.app/Contents/MonoBleedingEdge/lib/mono/unityjit'
Mono config path = '/Applications/Unity/Hub/Editor/2020.2.2f1/Unity.app/Contents/MonoBleedingEdge/etc'
Using monoOptions --debugger-agent=transport=dt_socket,embedding=1,server=y,suspend=n,address=127.0.0.1:56189
Begin MonoManager ReloadAssembly
Registering precompiled unity dll's ...
Register platform support module: /Applications/Unity/Hub/Editor/2020.2.2f1/Unity.app/Contents/PlaybackEngines/MacStandaloneSupport/UnityEditor.OSXStandalone.Extensions.dll
Registered in 0.022998 seconds.
Native extension for OSXStandalone target not found
Refreshing native plugins compatible for Editor in 53.88 ms, found 1 plugins.
Preloading 0 native plugins for Editor in 0.00 ms.
Invoked RoslynAnalysisRunner static constructor.
RoslynAnalysisRunner will not be running.
RoslynAnalysisRunner has terminated.
Mono: successfully reloaded assembly
- Completed reload, in  6.002 seconds
Platform modules already initialized, skipping
Registering precompiled user dll's ...
Registered in 0.003507 seconds.
Begin MonoManager ReloadAssembly
Native extension for OSXStandalone target not found
Refreshing native plugins compatible for Editor in 0.76 ms, found 1 plugins.
Preloading 0 native plugins for Editor in 0.00 ms.
Invoked RoslynAnalysisRunner static constructor.
RoslynAnalysisRunner will not be running.
RoslynAnalysisRunner has terminated.
Mono: successfully reloaded assembly
- Completed reload, in  2.011 seconds
Platform modules already initialized, skipping
========================================================================
Worker process is ready to serve import requests
Launching external process: /Applications/Unity/Hub/Editor/2020.2.2f1/Unity.app/Contents/Tools/UnityShaderCompiler
Launched and connected shader compiler UnityShaderCompiler after 0.05 seconds
Refreshing native plugins compatible for Editor in 0.73 ms, found 1 plugins.
Preloading 0 native plugins for Editor in 0.00 ms.
Unloading 1384 Unused Serialized files (Serialized files now loaded: 0)
System memory in use before: 117.6 MB.
System memory in use after: 117.7 MB.

Unloading 33 unused Assets to reduce memory usage. Loaded Objects now: 1813.
Total: 3.719889 ms (FindLiveObjects: 0.309955 ms CreateObjectMapping: 0.091647 ms MarkObjects: 3.196500 ms  DeleteObjects: 0.120194 ms)

========================================================================
Received Import Request.
  path: Assets/Pursue.cs
  artifactKey: Guid(fec1e74d15be06644933c85a07ba3ed9) Importer(815301076,1909f56bfc062723c751e8b465ee728b)
Start importing Assets/Pursue.cs using Guid(fec1e74d15be06644933c85a07ba3ed9) Importer(815301076,1909f56bfc062723c751e8b465ee728b)  -> (artifact id: 'a7fb6cc5d767f8084c8aa5b7161f7f0e') in 0.928309 seconds
  Import took 0.931483 seconds .

========================================================================
Received Import Request.
  Time since last request: 0.000262 seconds.
  path: Assets/BigBoid.cs
  artifactKey: Guid(6fe969a515bfd61489be563722b8ad3c) Importer(815301076,1909f56bfc062723c751e8b465ee728b)
Start importing Assets/BigBoid.cs using Guid(6fe969a515bfd61489be563722b8ad3c) Importer(815301076,1909f56bfc062723c751e8b465ee728b)  -> (artifact id: 'b49475c9ccfba039680a2d2ee2a32241') in 0.006927 seconds
  Import took 0.011122 seconds .

========================================================================
Received Import Request.
  Time since last request: 0.000499 seconds.
  path: Assets/Scripts
  artifactKey: Guid(4f29f334a30a54aeab48195dc58707f2) Importer(815301076,1909f56bfc062723c751e8b465ee728b)
Start importing Assets/Scripts using Guid(4f29f334a30a54aeab48195dc58707f2) Importer(815301076,1909f56bfc062723c751e8b465ee728b)  -> (artifact id: '273f8748df7ab5d7f1979f671fe0522e') in 0.003489 seconds
  Import took 0.008161 seconds .

========================================================================
Received Import Request.
  Time since last request: 1.892679 seconds.
  path: Assets/SteeringBehaviour.cs
  artifactKey: Guid(297cd124878971c46b54beab2bb726c9) Importer(815301076,1909f56bfc062723c751e8b465ee728b)
Start importing Assets/SteeringBehaviour.cs using Guid(297cd124878971c46b54beab2bb726c9) Importer(815301076,1909f56bfc062723c751e8b465ee728b)  -> (artifact id: 'c729317a5aaeb1754f8b3ea0b4b0d2ff') in 0.005641 seconds
  Import took 0.009323 seconds .

========================================================================
Received Prepare
Registering precompiled user dll's ...
Registered in 0.001631 seconds.
Begin MonoManager ReloadAssembly
Native extension for OSXStandalone target not found
Refreshing native plugins compatible for Editor in 0.48 ms, found 1 plugins.
Preloading 0 native plugins for Editor in 0.00 ms.
Invoked RoslynAnalysisRunner static constructor.
RoslynAnalysisRunner will not be running.
RoslynAnalysisRunner has terminated.
Mono: successfully reloaded assembly
- Completed reload, in  1.890 seconds
Platform modules already initialized, skipping
Refreshing native plugins compatible for Editor in 0.41 ms, found 1 plugins.
Preloading 0 native plugins for Editor in 0.00 ms.
Unloading 1378 Unused Serialized files (Serialized files now loaded: 0)
System memory in use before: 122.4 MB.
System memory in use after: 122.5 MB.

Unloading 24 unused Assets to reduce memory usage. Loaded Objects now: 1815.
Total: 3.101701 ms (FindLiveObjects: 0.296770 ms CreateObjectMapping: 0.103824 ms MarkObjects: 2.660357 ms  DeleteObjects: 0.039287 ms)

========================================================================
Received Import Request.
  Time since last request: 14.460052 seconds.
  path: Assets/Materials
  artifactKey: Guid(b1610ddd9ec8b451985cc472bc191e9e) Importer(815301076,1909f56bfc062723c751e8b465ee728b)
Start importing Assets/Materials using Guid(b1610ddd9ec8b451985cc472bc191e9e) Importer(815301076,1909f56bfc062723c751e8b465ee728b)  -> (artifact id: 'f22690872e3833481bcd7e7944d1d8cd') in 0.006033 seconds
  Import took 0.009881 seconds .

========================================================================
Received Import Request.
  Time since last request: 0.016533 seconds.
  path: Assets/Materials
  artifactKey: Guid(b1610ddd9ec8b451985cc472bc191e9e) Importer(815301076,1909f56bfc062723c751e8b465ee728b)
Start importing Assets/Materials using Guid(b1610ddd9ec8b451985cc472bc191e9e) Importer(815301076,1909f56bfc062723c751e8b465ee728b)  -> (artifact id: 'f22690872e3833481bcd7e7944d1d8cd') in 0.002532 seconds
  Import took 0.008521 seconds .

========================================================================
Received Import Request.
  Time since last request: 25.895777 seconds.
  path: Assets/SkyBox Volume 2
  artifactKey: Guid(d2fddf4106e1d9f4aa487ea0ac4ebf83) Importer(815301076,1909f56bfc062723c751e8b465ee728b)
Start importing Assets/SkyBox Volume 2 using Guid(d2fddf4106e1d9f4aa487ea0ac4ebf83) Importer(815301076,1909f56bfc062723c751e8b465ee728b)  -> (artifact id: 'a0fb2f7934581e7c24f055c2530ed6fe') in 0.002783 seconds
  Import took 0.008843 seconds .

========================================================================
Received Import Request.
  Time since last request: 47.492680 seconds.
  path: Assets/Models
  artifactKey: Guid(594d8554f9faadc4098d4815be5a1833) Importer(815301076,1909f56bfc062723c751e8b465ee728b)
Start importing Assets/Models using Guid(594d8554f9faadc4098d4815be5a1833) Importer(815301076,1909f56bfc062723c751e8b465ee728b)  -> (artifact id: 'ba5f4fbdc5a6a03661fed7ead806ae06') in 0.002551 seconds
  Import took 0.007690 seconds .

========================================================================
Received Import Request.
  Time since last request: 109.335330 seconds.
  path: Assets
  artifactKey: Guid(00000000000000001000000000000000) Importer(815301076,1909f56bfc062723c751e8b465ee728b)
Start importing Assets using Guid(00000000000000001000000000000000) Importer(815301076,1909f56bfc062723c751e8b465ee728b)  -> (artifact id: '4a6e520b92ccfc61bcfa21a7bcab8468') in 0.005481 seconds
  Import took 0.009990 seconds .

========================================================================
Received Import Request.
  Time since last request: 4.180474 seconds.
  path: Assets/Prefabs
  artifactKey: Guid(db7b0a97ba72140b2a30fe27d677581a) Importer(815301076,1909f56bfc062723c751e8b465ee728b)
Start importing Assets/Prefabs using Guid(db7b0a97ba72140b2a30fe27d677581a) Importer(815301076,1909f56bfc062723c751e8b465ee728b)  -> (artifact id: '72f3a072272946fc4f543fdb3ec597ee') in 0.002571 seconds
  Import took 0.009255 seconds .

========================================================================
Received Import Request.
  Time since last request: 2.818491 seconds.
  path: Assets/Prefabs/EaglePrefab.prefab
  artifactKey: Guid(6e430fb00d89a4854af77fc96ceb3ae8) Importer(815301076,1909f56bfc062723c751e8b465ee728b)
Start importing Assets/Prefabs/EaglePrefab.prefab using Guid(6e430fb00d89a4854af77fc96ceb3ae8) Importer(815301076,1909f56bfc062723c751e8b465ee728b)  -> (artifact id: '6b78f7e358c7bd43e0280858df859ce4') in 1.178298 seconds
  Import took 1.183921 seconds .

========================================================================
Received Prepare
Registering precompiled user dll's ...
Registered in 0.001015 seconds.
Begin MonoManager ReloadAssembly
Native extension for OSXStandalone target not found
Refreshing native plugins compatible for Editor in 0.48 ms, found 1 plugins.
Preloading 0 native plugins for Editor in 0.00 ms.
Invoked RoslynAnalysisRunner static constructor.
RoslynAnalysisRunner will not be running.
RoslynAnalysisRunner has terminated.
Mono: successfully reloaded assembly
- Completed reload, in  1.259 seconds
Platform modules already initialized, skipping
Refreshing native plugins compatible for Editor in 0.47 ms, found 1 plugins.
Preloading 0 native plugins for Editor in 0.00 ms.
Unloading 1379 Unused Serialized files (Serialized files now loaded: 0)
System memory in use before: 130.8 MB.
System memory in use after: 130.9 MB.

Unloading 24 unused Assets to reduce memory usage. Loaded Objects now: 1825.
Total: 3.082293 ms (FindLiveObjects: 0.441487 ms CreateObjectMapping: 0.080247 ms MarkObjects: 2.532207 ms  DeleteObjects: 0.026560 ms)

========================================================================
Received Import Request.
  Time since last request: 38.035376 seconds.
  path: Assets/EagleSpawner.cs
  artifactKey: Guid(2db27e23fb74640d895646ac4854f2f9) Importer(815301076,1909f56bfc062723c751e8b465ee728b)
Start importing Assets/EagleSpawner.cs using Guid(2db27e23fb74640d895646ac4854f2f9) Importer(815301076,1909f56bfc062723c751e8b465ee728b)  -> (artifact id: '02c0bff8122fe5546f486a59a44be71a') in 0.006693 seconds
  Import took 0.010694 seconds .

========================================================================
Received Prepare
Registering precompiled user dll's ...
Registered in 0.001657 seconds.
Begin MonoManager ReloadAssembly
Native extension for OSXStandalone target not found
Refreshing native plugins compatible for Editor in 0.46 ms, found 1 plugins.
Preloading 0 native plugins for Editor in 0.00 ms.
Invoked RoslynAnalysisRunner static constructor.
RoslynAnalysisRunner will not be running.
RoslynAnalysisRunner has terminated.
Mono: successfully reloaded assembly
- Completed reload, in  1.305 seconds
Platform modules already initialized, skipping
Refreshing native plugins compatible for Editor in 0.51 ms, found 1 plugins.
Preloading 0 native plugins for Editor in 0.00 ms.
Unloading 1379 Unused Serialized files (Serialized files now loaded: 0)
System memory in use before: 131.2 MB.
System memory in use after: 131.3 MB.

Unloading 24 unused Assets to reduce memory usage. Loaded Objects now: 1827.
Total: 2.148671 ms (FindLiveObjects: 0.233155 ms CreateObjectMapping: 0.068523 ms MarkObjects: 1.815948 ms  DeleteObjects: 0.027339 ms)

========================================================================
Received Prepare
Registering precompiled user dll's ...
Registered in 0.001043 seconds.
Begin MonoManager ReloadAssembly
Native extension for OSXStandalone target not found
Refreshing native plugins compatible for Editor in 0.49 ms, found 1 plugins.
Preloading 0 native plugins for Editor in 0.00 ms.
Invoked RoslynAnalysisRunner static constructor.
RoslynAnalysisRunner will not be running.
RoslynAnalysisRunner has terminated.
Mono: successfully reloaded assembly
- Completed reload, in  1.197 seconds
Platform modules already initialized, skipping
Refreshing native plugins compatible for Editor in 0.47 ms, found 1 plugins.
Preloading 0 native plugins for Editor in 0.00 ms.
Unloading 1379 Unused Serialized files (Serialized files now loaded: 0)
System memory in use before: 131.6 MB.
System memory in use after: 131.7 MB.

Unloading 24 unused Assets to reduce memory usage. Loaded Objects now: 1829.
Total: 2.017675 ms (FindLiveObjects: 0.262991 ms CreateObjectMapping: 0.073268 ms MarkObjects: 1.653382 ms  DeleteObjects: 0.024001 ms)

========================================================================
Received Prepare
Registering precompiled user dll's ...
Registered in 0.002461 seconds.
Begin MonoManager ReloadAssembly
Native extension for OSXStandalone target not found
Refreshing native plugins compatible for Editor in 0.48 ms, found 1 plugins.
Preloading 0 native plugins for Editor in 0.00 ms.
Invoked RoslynAnalysisRunner static constructor.
RoslynAnalysisRunner will not be running.
RoslynAnalysisRunner has terminated.
Mono: successfully reloaded assembly
- Completed reload, in  1.431 seconds
Platform modules already initialized, skipping
Refreshing native plugins compatible for Editor in 0.74 ms, found 1 plugins.
Preloading 0 native plugins for Editor in 0.00 ms.
Unloading 1379 Unused Serialized files (Serialized files now loaded: 0)
System memory in use before: 132.0 MB.
System memory in use after: 132.1 MB.

Unloading 24 unused Assets to reduce memory usage. Loaded Objects now: 1831.
Total: 3.663239 ms (FindLiveObjects: 0.354803 ms CreateObjectMapping: 0.094709 ms MarkObjects: 3.176106 ms  DeleteObjects: 0.034464 ms)

========================================================================
Received Import Request.
  Time since last request: 624.548295 seconds.
  path: Assets/Prefabs/EaglePrefab.prefab
  artifactKey: Guid(6e430fb00d89a4854af77fc96ceb3ae8) Importer(815301076,1909f56bfc062723c751e8b465ee728b)
Start importing Assets/Prefabs/EaglePrefab.prefab using Guid(6e430fb00d89a4854af77fc96ceb3ae8) Importer(815301076,1909f56bfc062723c751e8b465ee728b)  -> (artifact id: 'b7db60ef9b3267b3f5cf64d0bc561ba2') in 0.141455 seconds
  Import took 0.145388 seconds .

========================================================================
Received Prepare
Registering precompiled user dll's ...
Registered in 0.000978 seconds.
Begin MonoManager ReloadAssembly
Native extension for OSXStandalone target not found
Refreshing native plugins compatible for Editor in 0.45 ms, found 1 plugins.
Preloading 0 native plugins for Editor in 0.00 ms.
Invoked RoslynAnalysisRunner static constructor.
RoslynAnalysisRunner will not be running.
RoslynAnalysisRunner has terminated.
Mono: successfully reloaded assembly
- Completed reload, in  1.397 seconds
Platform modules already initialized, skipping
Refreshing native plugins compatible for Editor in 0.48 ms, found 1 plugins.
Preloading 0 native plugins for Editor in 0.00 ms.
Unloading 1379 Unused Serialized files (Serialized files now loaded: 0)
System memory in use before: 132.5 MB.
System memory in use after: 132.6 MB.

Unloading 24 unused Assets to reduce memory usage. Loaded Objects now: 1834.
Total: 2.097961 ms (FindLiveObjects: 0.182333 ms CreateObjectMapping: 0.047483 ms MarkObjects: 1.845408 ms  DeleteObjects: 0.021039 ms)

========================================================================
Received Prepare
Registering precompiled user dll's ...
Registered in 0.003552 seconds.
Begin MonoManager ReloadAssembly
Native extension for OSXStandalone target not found
Refreshing native plugins compatible for Editor in 0.47 ms, found 1 plugins.
Preloading 0 native plugins for Editor in 0.00 ms.
Invoked RoslynAnalysisRunner static constructor.
RoslynAnalysisRunner will not be running.
RoslynAnalysisRunner has terminated.
Mono: successfully reloaded assembly
- Completed reload, in  1.328 seconds
Platform modules already initialized, skipping
Refreshing native plugins compatible for Editor in 0.42 ms, found 1 plugins.
Preloading 0 native plugins for Editor in 0.00 ms.
Unloading 1379 Unused Serialized files (Serialized files now loaded: 0)
System memory in use before: 132.9 MB.
System memory in use after: 133.0 MB.

Unloading 24 unused Assets to reduce memory usage. Loaded Objects now: 1836.
Total: 2.238602 ms (FindLiveObjects: 0.248965 ms CreateObjectMapping: 0.069284 ms MarkObjects: 1.892821 ms  DeleteObjects: 0.023617 ms)

========================================================================
Received Prepare
Registering precompiled user dll's ...
Registered in 0.001028 seconds.
Begin MonoManager ReloadAssembly
Native extension for OSXStandalone target not found
Refreshing native plugins compatible for Editor in 2.74 ms, found 1 plugins.
Preloading 0 native plugins for Editor in 0.00 ms.
Invoked RoslynAnalysisRunner static constructor.
RoslynAnalysisRunner will not be running.
RoslynAnalysisRunner has terminated.
Mono: successfully reloaded assembly
- Completed reload, in  1.927 seconds
Platform modules already initialized, skipping
Refreshing native plugins compatible for Editor in 0.49 ms, found 1 plugins.
Preloading 0 native plugins for Editor in 0.00 ms.
Unloading 1379 Unused Serialized files (Serialized files now loaded: 0)
System memory in use before: 133.3 MB.
System memory in use after: 133.3 MB.

Unloading 24 unused Assets to reduce memory usage. Loaded Objects now: 1838.
Total: 2.610364 ms (FindLiveObjects: 0.193495 ms CreateObjectMapping: 0.048921 ms MarkObjects: 2.342109 ms  DeleteObjects: 0.024151 ms)

========================================================================
Received Prepare
Registering precompiled user dll's ...
Registered in 0.001041 seconds.
Begin MonoManager ReloadAssembly
Native extension for OSXStandalone target not found
Refreshing native plugins compatible for Editor in 0.47 ms, found 1 plugins.
Preloading 0 native plugins for Editor in 0.00 ms.
Invoked RoslynAnalysisRunner static constructor.
RoslynAnalysisRunner will not be running.
RoslynAnalysisRunner has terminated.
Mono: successfully reloaded assembly
- Completed reload, in  1.323 seconds
Platform modules already initialized, skipping
Refreshing native plugins compatible for Editor in 1.88 ms, found 1 plugins.
Preloading 0 native plugins for Editor in 0.00 ms.
Unloading 1379 Unused Serialized files (Serialized files now loaded: 0)
System memory in use before: 133.6 MB.
System memory in use after: 133.7 MB.

Unloading 24 unused Assets to reduce memory usage. Loaded Objects now: 1840.
Total: 17.466574 ms (FindLiveObjects: 1.458433 ms CreateObjectMapping: 2.438497 ms MarkObjects: 13.528613 ms  DeleteObjects: 0.038213 ms)

========================================================================
Received Prepare
Registering precompiled user dll's ...
Registered in 0.002299 seconds.
Begin MonoManager ReloadAssembly
Native extension for OSXStandalone target not found
Refreshing native plugins compatible for Editor in 0.48 ms, found 1 plugins.
Preloading 0 native plugins for Editor in 0.00 ms.
Invoked RoslynAnalysisRunner static constructor.
RoslynAnalysisRunner will not be running.
RoslynAnalysisRunner has terminated.
Mono: successfully reloaded assembly
- Completed reload, in  1.504 seconds
Platform modules already initialized, skipping
Refreshing native plugins compatible for Editor in 0.48 ms, found 1 plugins.
Preloading 0 native plugins for Editor in 0.00 ms.
Unloading 1379 Unused Serialized files (Serialized files now loaded: 0)
System memory in use before: 133.0 MB.
System memory in use after: 133.1 MB.

Unloading 24 unused Assets to reduce memory usage. Loaded Objects now: 1842.
Total: 2.166926 ms (FindLiveObjects: 0.207321 ms CreateObjectMapping: 0.042037 ms MarkObjects: 1.833114 ms  DeleteObjects: 0.067493 ms)

========================================================================
Received Prepare
Registering precompiled user dll's ...
Registered in 0.001030 seconds.
Begin MonoManager ReloadAssembly
Native extension for OSXStandalone target not found
Refreshing native plugins compatible for Editor in 0.48 ms, found 1 plugins.
Preloading 0 native plugins for Editor in 0.00 ms.
Invoked RoslynAnalysisRunner static constructor.
RoslynAnalysisRunner will not be running.
RoslynAnalysisRunner has terminated.
Mono: successfully reloaded assembly
- Completed reload, in  1.293 seconds
Platform modules already initialized, skipping
Refreshing native plugins compatible for Editor in 0.71 ms, found 1 plugins.
Preloading 0 native plugins for Editor in 0.00 ms.
Unloading 1379 Unused Serialized files (Serialized files now loaded: 0)
System memory in use before: 133.4 MB.
System memory in use after: 133.5 MB.

Unloading 24 unused Assets to reduce memory usage. Loaded Objects now: 1844.
Total: 3.772016 ms (FindLiveObjects: 0.498420 ms CreateObjectMapping: 0.385887 ms MarkObjects: 2.851621 ms  DeleteObjects: 0.032875 ms)

========================================================================
Received Prepare
Registering precompiled user dll's ...
Registered in 0.000979 seconds.
Begin MonoManager ReloadAssembly
Native extension for OSXStandalone target not found
Refreshing native plugins compatible for Editor in 0.45 ms, found 1 plugins.
Preloading 0 native plugins for Editor in 0.00 ms.
Invoked RoslynAnalysisRunner static constructor.
RoslynAnalysisRunner will not be running.
RoslynAnalysisRunner has terminated.
Mono: successfully reloaded assembly
- Completed reload, in  1.130 seconds
Platform modules already initialized, skipping
Refreshing native plugins compatible for Editor in 0.43 ms, found 1 plugins.
Preloading 0 native plugins for Editor in 0.00 ms.
Unloading 1379 Unused Serialized files (Serialized files now loaded: 0)
System memory in use before: 133.8 MB.
System memory in use after: 133.9 MB.

Unloading 24 unused Assets to reduce memory usage. Loaded Objects now: 1846.
Total: 2.502912 ms (FindLiveObjects: 0.323143 ms CreateObjectMapping: 0.082924 ms MarkObjects: 2.069208 ms  DeleteObjects: 0.025065 ms)

========================================================================
Received Prepare
Registering precompiled user dll's ...
Registered in 0.001085 seconds.
Begin MonoManager ReloadAssembly
Native extension for OSXStandalone target not found
Refreshing native plugins compatible for Editor in 0.45 ms, found 1 plugins.
Preloading 0 native plugins for Editor in 0.00 ms.
Invoked RoslynAnalysisRunner static constructor.
RoslynAnalysisRunner will not be running.
RoslynAnalysisRunner has terminated.
Mono: successfully reloaded assembly
- Completed reload, in  1.580 seconds
Platform modules already initialized, skipping
Refreshing native plugins compatible for Editor in 0.48 ms, found 1 plugins.
Preloading 0 native plugins for Editor in 0.00 ms.
Unloading 1379 Unused Serialized files (Serialized files now loaded: 0)
System memory in use before: 134.2 MB.
System memory in use after: 134.3 MB.

Unloading 24 unused Assets to reduce memory usage. Loaded Objects now: 1848.
Total: 2.470978 ms (FindLiveObjects: 0.283998 ms CreateObjectMapping: 0.073003 ms MarkObjects: 2.085540 ms  DeleteObjects: 0.026323 ms)

========================================================================
Received Prepare
Registering precompiled user dll's ...
Registered in 0.001008 seconds.
Begin MonoManager ReloadAssembly
Native extension for OSXStandalone target not found
Refreshing native plugins compatible for Editor in 0.48 ms, found 1 plugins.
Preloading 0 native plugins for Editor in 0.00 ms.
Invoked RoslynAnalysisRunner static constructor.
RoslynAnalysisRunner will not be running.
RoslynAnalysisRunner has terminated.
Mono: successfully reloaded assembly
- Completed reload, in  1.248 seconds
Platform modules already initialized, skipping
Refreshing native plugins compatible for Editor in 0.47 ms, found 1 plugins.
Preloading 0 native plugins for Editor in 0.00 ms.
Unloading 1379 Unused Serialized files (Serialized files now loaded: 0)
System memory in use before: 134.5 MB.
System memory in use after: 134.6 MB.

Unloading 24 unused Assets to reduce memory usage. Loaded Objects now: 1850.
Total: 2.344162 ms (FindLiveObjects: 0.267892 ms CreateObjectMapping: 0.061547 ms MarkObjects: 1.986920 ms  DeleteObjects: 0.026273 ms)

========================================================================
Received Prepare
Registering precompiled user dll's ...
Registered in 0.001332 seconds.
Begin MonoManager ReloadAssembly
Native extension for OSXStandalone target not found
Refreshing native plugins compatible for Editor in 0.69 ms, found 1 plugins.
Preloading 0 native plugins for Editor in 0.00 ms.
Invoked RoslynAnalysisRunner static constructor.
RoslynAnalysisRunner will not be running.
RoslynAnalysisRunner has terminated.
Mono: successfully reloaded assembly
- Completed reload, in  1.471 seconds
Platform modules already initialized, skipping
Refreshing native plugins compatible for Editor in 0.43 ms, found 1 plugins.
Preloading 0 native plugins for Editor in 0.00 ms.
Unloading 1379 Unused Serialized files (Serialized files now loaded: 0)
System memory in use before: 133.9 MB.
System memory in use after: 134.0 MB.

Unloading 24 unused Assets to reduce memory usage. Loaded Objects now: 1852.
Total: 2.179248 ms (FindLiveObjects: 0.305088 ms CreateObjectMapping: 0.076114 ms MarkObjects: 1.763661 ms  DeleteObjects: 0.032315 ms)

========================================================================
Received Import Request.
  Time since last request: 548.719677 seconds.
  path: Assets/Prefabs/EaglePrefab.prefab
  artifactKey: Guid(6e430fb00d89a4854af77fc96ceb3ae8) Importer(815301076,1909f56bfc062723c751e8b465ee728b)
Start importing Assets/Prefabs/EaglePrefab.prefab using Guid(6e430fb00d89a4854af77fc96ceb3ae8) Importer(815301076,1909f56bfc062723c751e8b465ee728b)  -> (artifact id: '37829ed881328bc8c1a1a8ee5cb1d0d9') in 0.132329 seconds
  Import took 0.136235 seconds .

========================================================================
Received Import Request.
  Time since last request: 32.451038 seconds.
  path: Assets/Prefabs/EaglePrefab.prefab
  artifactKey: Guid(6e430fb00d89a4854af77fc96ceb3ae8) Importer(815301076,1909f56bfc062723c751e8b465ee728b)
Start importing Assets/Prefabs/EaglePrefab.prefab using Guid(6e430fb00d89a4854af77fc96ceb3ae8) Importer(815301076,1909f56bfc062723c751e8b465ee728b)  -> (artifact id: 'f853d79a0334a90c641f255c079ecb35') in 0.059032 seconds
  Import took 0.063075 seconds .

========================================================================
Received Import Request.
  Time since last request: 0.049315 seconds.
  path: Assets/Prefabs/EaglePrefab.prefab
  artifactKey: Guid(6e430fb00d89a4854af77fc96ceb3ae8) Importer(815301076,1909f56bfc062723c751e8b465ee728b)
Start importing Assets/Prefabs/EaglePrefab.prefab using Guid(6e430fb00d89a4854af77fc96ceb3ae8) Importer(815301076,1909f56bfc062723c751e8b465ee728b)  -> (artifact id: 'f853d79a0334a90c641f255c079ecb35') in 0.091042 seconds
  Import took 0.102437 seconds .

========================================================================
Received Prepare
Registering precompiled user dll's ...
Registered in 0.001185 seconds.
Begin MonoManager ReloadAssembly
Native extension for OSXStandalone target not found
Refreshing native plugins compatible for Editor in 0.45 ms, found 1 plugins.
Preloading 0 native plugins for Editor in 0.00 ms.
Invoked RoslynAnalysisRunner static constructor.
RoslynAnalysisRunner will not be running.
RoslynAnalysisRunner has terminated.
Mono: successfully reloaded assembly
- Completed reload, in  1.184 seconds
Platform modules already initialized, skipping
Refreshing native plugins compatible for Editor in 0.76 ms, found 1 plugins.
Preloading 0 native plugins for Editor in 0.00 ms.
Unloading 1379 Unused Serialized files (Serialized files now loaded: 0)
System memory in use before: 134.6 MB.
System memory in use after: 134.7 MB.

Unloading 24 unused Assets to reduce memory usage. Loaded Objects now: 1855.
Total: 3.457394 ms (FindLiveObjects: 0.274324 ms CreateObjectMapping: 0.085477 ms MarkObjects: 3.021513 ms  DeleteObjects: 0.073521 ms)

========================================================================
Received Prepare
Registering precompiled user dll's ...
Registered in 0.001042 seconds.
Begin MonoManager ReloadAssembly
Native extension for OSXStandalone target not found
Refreshing native plugins compatible for Editor in 0.46 ms, found 1 plugins.
Preloading 0 native plugins for Editor in 0.00 ms.
Invoked RoslynAnalysisRunner static constructor.
RoslynAnalysisRunner will not be running.
RoslynAnalysisRunner has terminated.
Mono: successfully reloaded assembly
- Completed reload, in  1.662 seconds
Platform modules already initialized, skipping
Refreshing native plugins compatible for Editor in 0.63 ms, found 1 plugins.
Preloading 0 native plugins for Editor in 0.00 ms.
Unloading 1379 Unused Serialized files (Serialized files now loaded: 0)
System memory in use before: 135.0 MB.
System memory in use after: 135.1 MB.

Unloading 24 unused Assets to reduce memory usage. Loaded Objects now: 1857.
Total: 3.309746 ms (FindLiveObjects: 0.415056 ms CreateObjectMapping: 0.169312 ms MarkObjects: 2.694404 ms  DeleteObjects: 0.029240 ms)

========================================================================
Received Prepare
Registering precompiled user dll's ...
Registered in 0.001237 seconds.
Begin MonoManager ReloadAssembly
Native extension for OSXStandalone target not found
Refreshing native plugins compatible for Editor in 0.51 ms, found 1 plugins.
Preloading 0 native plugins for Editor in 0.00 ms.
Invoked RoslynAnalysisRunner static constructor.
RoslynAnalysisRunner will not be running.
RoslynAnalysisRunner has terminated.
Mono: successfully reloaded assembly
- Completed reload, in  1.407 seconds
Platform modules already initialized, skipping
Refreshing native plugins compatible for Editor in 0.45 ms, found 1 plugins.
Preloading 0 native plugins for Editor in 0.00 ms.
Unloading 1379 Unused Serialized files (Serialized files now loaded: 0)
System memory in use before: 135.4 MB.
System memory in use after: 135.4 MB.

Unloading 24 unused Assets to reduce memory usage. Loaded Objects now: 1859.
Total: 2.347024 ms (FindLiveObjects: 0.295928 ms CreateObjectMapping: 0.088844 ms MarkObjects: 1.933709 ms  DeleteObjects: 0.026490 ms)

========================================================================
Received Prepare
Registering precompiled user dll's ...
Registered in 0.001043 seconds.
Begin MonoManager ReloadAssembly
Native extension for OSXStandalone target not found
Refreshing native plugins compatible for Editor in 0.84 ms, found 1 plugins.
Preloading 0 native plugins for Editor in 0.00 ms.
Invoked RoslynAnalysisRunner static constructor.
RoslynAnalysisRunner will not be running.
RoslynAnalysisRunner has terminated.
Mono: successfully reloaded assembly
- Completed reload, in  1.304 seconds
Platform modules already initialized, skipping
Refreshing native plugins compatible for Editor in 0.44 ms, found 1 plugins.
Preloading 0 native plugins for Editor in 0.00 ms.
Unloading 1379 Unused Serialized files (Serialized files now loaded: 0)
System memory in use before: 135.7 MB.
System memory in use after: 135.8 MB.

Unloading 24 unused Assets to reduce memory usage. Loaded Objects now: 1861.
Total: 3.221968 ms (FindLiveObjects: 0.300860 ms CreateObjectMapping: 0.082818 ms MarkObjects: 2.807623 ms  DeleteObjects: 0.028726 ms)

========================================================================
Received Prepare
Registering precompiled user dll's ...
Registered in 0.001049 seconds.
Begin MonoManager ReloadAssembly
Native extension for OSXStandalone target not found
Refreshing native plugins compatible for Editor in 0.44 ms, found 1 plugins.
Preloading 0 native plugins for Editor in 0.00 ms.
Invoked RoslynAnalysisRunner static constructor.
RoslynAnalysisRunner will not be running.
RoslynAnalysisRunner has terminated.
Mono: successfully reloaded assembly
- Completed reload, in  1.146 seconds
Platform modules already initialized, skipping
Refreshing native plugins compatible for Editor in 0.67 ms, found 1 plugins.
Preloading 0 native plugins for Editor in 0.00 ms.
Unloading 1379 Unused Serialized files (Serialized files now loaded: 0)
System memory in use before: 135.1 MB.
System memory in use after: 135.2 MB.

Unloading 24 unused Assets to reduce memory usage. Loaded Objects now: 1863.
Total: 2.302842 ms (FindLiveObjects: 0.218550 ms CreateObjectMapping: 0.055579 ms MarkObjects: 1.985256 ms  DeleteObjects: 0.040674 ms)

========================================================================
Received Prepare
Registering precompiled user dll's ...
Registered in 0.001118 seconds.
Begin MonoManager ReloadAssembly
Native extension for OSXStandalone target not found
Refreshing native plugins compatible for Editor in 0.44 ms, found 1 plugins.
Preloading 0 native plugins for Editor in 0.00 ms.
Invoked RoslynAnalysisRunner static constructor.
RoslynAnalysisRunner will not be running.
RoslynAnalysisRunner has terminated.
Mono: successfully reloaded assembly
- Completed reload, in  1.153 seconds
Platform modules already initialized, skipping
Refreshing native plugins compatible for Editor in 0.65 ms, found 1 plugins.
Preloading 0 native plugins for Editor in 0.00 ms.
Unloading 1379 Unused Serialized files (Serialized files now loaded: 0)
System memory in use before: 135.5 MB.
System memory in use after: 135.6 MB.

Unloading 24 unused Assets to reduce memory usage. Loaded Objects now: 1865.
Total: 3.266407 ms (FindLiveObjects: 0.561629 ms CreateObjectMapping: 0.216076 ms MarkObjects: 2.460781 ms  DeleteObjects: 0.024883 ms)

========================================================================
Received Prepare
Registering precompiled user dll's ...
Registered in 0.001031 seconds.
Begin MonoManager ReloadAssembly
Native extension for OSXStandalone target not found
Refreshing native plugins compatible for Editor in 0.46 ms, found 1 plugins.
Preloading 0 native plugins for Editor in 0.00 ms.
Invoked RoslynAnalysisRunner static constructor.
RoslynAnalysisRunner will not be running.
RoslynAnalysisRunner has terminated.
Mono: successfully reloaded assembly
- Completed reload, in  1.203 seconds
Platform modules already initialized, skipping
Refreshing native plugins compatible for Editor in 0.45 ms, found 1 plugins.
Preloading 0 native plugins for Editor in 0.00 ms.
Unloading 1379 Unused Serialized files (Serialized files now loaded: 0)
System memory in use before: 135.9 MB.
System memory in use after: 136.0 MB.

Unloading 24 unused Assets to reduce memory usage. Loaded Objects now: 1867.
Total: 2.204417 ms (FindLiveObjects: 0.227235 ms CreateObjectMapping: 0.060234 ms MarkObjects: 1.884493 ms  DeleteObjects: 0.031050 ms)

========================================================================
Received Prepare
Registering precompiled user dll's ...
Registered in 0.001030 seconds.
Begin MonoManager ReloadAssembly
Native extension for OSXStandalone target not found
Refreshing native plugins compatible for Editor in 0.48 ms, found 1 plugins.
Preloading 0 native plugins for Editor in 0.00 ms.
Invoked RoslynAnalysisRunner static constructor.
RoslynAnalysisRunner will not be running.
RoslynAnalysisRunner has terminated.
Mono: successfully reloaded assembly
- Completed reload, in  1.220 seconds
Platform modules already initialized, skipping
Refreshing native plugins compatible for Editor in 0.46 ms, found 1 plugins.
Preloading 0 native plugins for Editor in 0.00 ms.
Unloading 1379 Unused Serialized files (Serialized files now loaded: 0)
System memory in use before: 136.3 MB.
System memory in use after: 136.4 MB.

Unloading 24 unused Assets to reduce memory usage. Loaded Objects now: 1869.
Total: 2.172571 ms (FindLiveObjects: 0.236181 ms CreateObjectMapping: 0.063561 ms MarkObjects: 1.849314 ms  DeleteObjects: 0.022168 ms)

========================================================================
Received Prepare
Registering precompiled user dll's ...
Registered in 0.001147 seconds.
Begin MonoManager ReloadAssembly
Native extension for OSXStandalone target not found
Refreshing native plugins compatible for Editor in 0.44 ms, found 1 plugins.
Preloading 0 native plugins for Editor in 0.00 ms.
Invoked RoslynAnalysisRunner static constructor.
RoslynAnalysisRunner will not be running.
RoslynAnalysisRunner has terminated.
Mono: successfully reloaded assembly
- Completed reload, in  1.322 seconds
Platform modules already initialized, skipping
Refreshing native plugins compatible for Editor in 2.52 ms, found 1 plugins.
Preloading 0 native plugins for Editor in 0.00 ms.
Unloading 1379 Unused Serialized files (Serialized files now loaded: 0)
System memory in use before: 136.6 MB.
System memory in use after: 136.7 MB.

Unloading 24 unused Assets to reduce memory usage. Loaded Objects now: 1871.
Total: 3.915380 ms (FindLiveObjects: 0.429598 ms CreateObjectMapping: 0.134106 ms MarkObjects: 3.305683 ms  DeleteObjects: 0.043949 ms)

========================================================================
Received Prepare
Registering precompiled user dll's ...
Registered in 0.001021 seconds.
Begin MonoManager ReloadAssembly
Native extension for OSXStandalone target not found
Refreshing native plugins compatible for Editor in 0.46 ms, found 1 plugins.
Preloading 0 native plugins for Editor in 0.00 ms.
Invoked RoslynAnalysisRunner static constructor.
RoslynAnalysisRunner will not be running.
RoslynAnalysisRunner has terminated.
Mono: successfully reloaded assembly
- Completed reload, in  1.400 seconds
Platform modules already initialized, skipping
Refreshing native plugins compatible for Editor in 0.51 ms, found 1 plugins.
Preloading 0 native plugins for Editor in 0.00 ms.
Unloading 1379 Unused Serialized files (Serialized files now loaded: 0)
System memory in use before: 136.0 MB.
System memory in use after: 136.1 MB.

Unloading 24 unused Assets to reduce memory usage. Loaded Objects now: 1873.
Total: 3.870945 ms (FindLiveObjects: 0.475562 ms CreateObjectMapping: 0.112035 ms MarkObjects: 3.260756 ms  DeleteObjects: 0.019993 ms)

========================================================================
Received Prepare
Registering precompiled user dll's ...
Registered in 0.001019 seconds.
Begin MonoManager ReloadAssembly
Native extension for OSXStandalone target not found
Refreshing native plugins compatible for Editor in 0.44 ms, found 1 plugins.
Preloading 0 native plugins for Editor in 0.00 ms.
Invoked RoslynAnalysisRunner static constructor.
RoslynAnalysisRunner will not be running.
RoslynAnalysisRunner has terminated.
Mono: successfully reloaded assembly
- Completed reload, in  1.249 seconds
Platform modules already initialized, skipping
Refreshing native plugins compatible for Editor in 0.54 ms, found 1 plugins.
Preloading 0 native plugins for Editor in 0.00 ms.
Unloading 1379 Unused Serialized files (Serialized files now loaded: 0)
System memory in use before: 136.4 MB.
System memory in use after: 136.5 MB.

Unloading 24 unused Assets to reduce memory usage. Loaded Objects now: 1875.
Total: 3.135153 ms (FindLiveObjects: 0.523339 ms CreateObjectMapping: 0.176019 ms MarkObjects: 2.404601 ms  DeleteObjects: 0.028349 ms)

========================================================================
Received Prepare
Registering precompiled user dll's ...
Registered in 0.001226 seconds.
Begin MonoManager ReloadAssembly
Native extension for OSXStandalone target not found
Refreshing native plugins compatible for Editor in 0.45 ms, found 1 plugins.
Preloading 0 native plugins for Editor in 0.00 ms.
Invoked RoslynAnalysisRunner static constructor.
RoslynAnalysisRunner will not be running.
RoslynAnalysisRunner has terminated.
Mono: successfully reloaded assembly
- Completed reload, in  1.219 seconds
Platform modules already initialized, skipping
Refreshing native plugins compatible for Editor in 0.86 ms, found 1 plugins.
Preloading 0 native plugins for Editor in 0.00 ms.
Unloading 1379 Unused Serialized files (Serialized files now loaded: 0)
System memory in use before: 136.8 MB.
System memory in use after: 136.9 MB.

Unloading 24 unused Assets to reduce memory usage. Loaded Objects now: 1877.
Total: 3.732352 ms (FindLiveObjects: 0.332077 ms CreateObjectMapping: 0.083591 ms MarkObjects: 3.258912 ms  DeleteObjects: 0.033898 ms)

========================================================================
Received Prepare
Registering precompiled user dll's ...
Registered in 0.004351 seconds.
Begin MonoManager ReloadAssembly
Native extension for OSXStandalone target not found
Refreshing native plugins compatible for Editor in 0.57 ms, found 1 plugins.
Preloading 0 native plugins for Editor in 0.00 ms.
Invoked RoslynAnalysisRunner static constructor.
RoslynAnalysisRunner will not be running.
RoslynAnalysisRunner has terminated.
Mono: successfully reloaded assembly
- Completed reload, in  1.790 seconds
Platform modules already initialized, skipping
Refreshing native plugins compatible for Editor in 0.84 ms, found 1 plugins.
Preloading 0 native plugins for Editor in 0.00 ms.
Unloading 1379 Unused Serialized files (Serialized files now loaded: 0)
System memory in use before: 137.2 MB.
System memory in use after: 137.3 MB.

Unloading 24 unused Assets to reduce memory usage. Loaded Objects now: 1879.
Total: 2.201763 ms (FindLiveObjects: 0.345027 ms CreateObjectMapping: 0.101177 ms MarkObjects: 1.731426 ms  DeleteObjects: 0.022595 ms)

========================================================================
Received Prepare
Registering precompiled user dll's ...
Registered in 0.001034 seconds.
Begin MonoManager ReloadAssembly
Native extension for OSXStandalone target not found
Refreshing native plugins compatible for Editor in 0.48 ms, found 1 plugins.
Preloading 0 native plugins for Editor in 0.00 ms.
Invoked RoslynAnalysisRunner static constructor.
RoslynAnalysisRunner will not be running.
RoslynAnalysisRunner has terminated.
Mono: successfully reloaded assembly
- Completed reload, in  1.396 seconds
Platform modules already initialized, skipping
Refreshing native plugins compatible for Editor in 0.46 ms, found 1 plugins.
Preloading 0 native plugins for Editor in 0.00 ms.
Unloading 1379 Unused Serialized files (Serialized files now loaded: 0)
System memory in use before: 137.5 MB.
System memory in use after: 137.6 MB.

Unloading 24 unused Assets to reduce memory usage. Loaded Objects now: 1881.
Total: 2.073477 ms (FindLiveObjects: 0.233791 ms CreateObjectMapping: 0.067238 ms MarkObjects: 1.751040 ms  DeleteObjects: 0.020275 ms)

========================================================================
Received Prepare
Registering precompiled user dll's ...
Registered in 0.001266 seconds.
Begin MonoManager ReloadAssembly
Native extension for OSXStandalone target not found
Refreshing native plugins compatible for Editor in 0.52 ms, found 1 plugins.
Preloading 0 native plugins for Editor in 0.00 ms.
Invoked RoslynAnalysisRunner static constructor.
RoslynAnalysisRunner will not be running.
RoslynAnalysisRunner has terminated.
Mono: successfully reloaded assembly
- Completed reload, in  1.521 seconds
Platform modules already initialized, skipping
Refreshing native plugins compatible for Editor in 0.43 ms, found 1 plugins.
Preloading 0 native plugins for Editor in 0.00 ms.
Unloading 1379 Unused Serialized files (Serialized files now loaded: 0)
System memory in use before: 136.9 MB.
System memory in use after: 137.0 MB.

Unloading 24 unused Assets to reduce memory usage. Loaded Objects now: 1883.
Total: 2.415419 ms (FindLiveObjects: 0.343382 ms CreateObjectMapping: 0.080695 ms MarkObjects: 1.945527 ms  DeleteObjects: 0.043509 ms)

========================================================================
Received Prepare
Registering precompiled user dll's ...
Registered in 0.001224 seconds.
Begin MonoManager ReloadAssembly
Native extension for OSXStandalone target not found
Refreshing native plugins compatible for Editor in 0.48 ms, found 1 plugins.
Preloading 0 native plugins for Editor in 0.00 ms.
Invoked RoslynAnalysisRunner static constructor.
RoslynAnalysisRunner will not be running.
RoslynAnalysisRunner has terminated.
Mono: successfully reloaded assembly
- Completed reload, in  1.364 seconds
Platform modules already initialized, skipping
Refreshing native plugins compatible for Editor in 0.46 ms, found 1 plugins.
Preloading 0 native plugins for Editor in 0.00 ms.
Unloading 1379 Unused Serialized files (Serialized files now loaded: 0)
System memory in use before: 137.3 MB.
System memory in use after: 137.4 MB.

Unloading 24 unused Assets to reduce memory usage. Loaded Objects now: 1885.
Total: 3.308146 ms (FindLiveObjects: 0.253374 ms CreateObjectMapping: 0.055819 ms MarkObjects: 2.966628 ms  DeleteObjects: 0.030624 ms)

========================================================================
Received Prepare
Registering precompiled user dll's ...
Registered in 0.001030 seconds.
Begin MonoManager ReloadAssembly
Native extension for OSXStandalone target not found
Refreshing native plugins compatible for Editor in 0.55 ms, found 1 plugins.
Preloading 0 native plugins for Editor in 0.00 ms.
Invoked RoslynAnalysisRunner static constructor.
RoslynAnalysisRunner will not be running.
RoslynAnalysisRunner has terminated.
Mono: successfully reloaded assembly
- Completed reload, in  1.239 seconds
Platform modules already initialized, skipping
Refreshing native plugins compatible for Editor in 0.40 ms, found 1 plugins.
Preloading 0 native plugins for Editor in 0.00 ms.
Unloading 1379 Unused Serialized files (Serialized files now loaded: 0)
System memory in use before: 137.7 MB.
System memory in use after: 137.8 MB.

Unloading 24 unused Assets to reduce memory usage. Loaded Objects now: 1887.
Total: 2.207908 ms (FindLiveObjects: 0.209029 ms CreateObjectMapping: 0.051564 ms MarkObjects: 1.922437 ms  DeleteObjects: 0.022653 ms)

========================================================================
Received Prepare
Registering precompiled user dll's ...
Registered in 0.001371 seconds.
Begin MonoManager ReloadAssembly
Native extension for OSXStandalone target not found
Refreshing native plugins compatible for Editor in 0.46 ms, found 1 plugins.
Preloading 0 native plugins for Editor in 0.00 ms.
Invoked RoslynAnalysisRunner static constructor.
RoslynAnalysisRunner will not be running.
RoslynAnalysisRunner has terminated.
Mono: successfully reloaded assembly
- Completed reload, in  1.600 seconds
Platform modules already initialized, skipping
Refreshing native plugins compatible for Editor in 0.38 ms, found 1 plugins.
Preloading 0 native plugins for Editor in 0.00 ms.
Unloading 1379 Unused Serialized files (Serialized files now loaded: 0)
System memory in use before: 138.1 MB.
System memory in use after: 138.2 MB.

Unloading 24 unused Assets to reduce memory usage. Loaded Objects now: 1889.
Total: 2.758467 ms (FindLiveObjects: 0.378998 ms CreateObjectMapping: 0.083344 ms MarkObjects: 2.263051 ms  DeleteObjects: 0.029541 ms)

========================================================================
Received Prepare
Registering precompiled user dll's ...
Registered in 0.001030 seconds.
Begin MonoManager ReloadAssembly
Native extension for OSXStandalone target not found
Refreshing native plugins compatible for Editor in 0.48 ms, found 1 plugins.
Preloading 0 native plugins for Editor in 0.00 ms.
Invoked RoslynAnalysisRunner static constructor.
RoslynAnalysisRunner will not be running.
RoslynAnalysisRunner has terminated.
Mono: successfully reloaded assembly
- Completed reload, in  1.207 seconds
Platform modules already initialized, skipping
Refreshing native plugins compatible for Editor in 0.45 ms, found 1 plugins.
Preloading 0 native plugins for Editor in 0.00 ms.
Unloading 1379 Unused Serialized files (Serialized files now loaded: 0)
System memory in use before: 138.4 MB.
System memory in use after: 138.5 MB.

Unloading 24 unused Assets to reduce memory usage. Loaded Objects now: 1891.
Total: 2.159792 ms (FindLiveObjects: 0.278415 ms CreateObjectMapping: 0.065300 ms MarkObjects: 1.789499 ms  DeleteObjects: 0.024768 ms)

========================================================================
Received Prepare
Registering precompiled user dll's ...
Registered in 0.001007 seconds.
Begin MonoManager ReloadAssembly
Native extension for OSXStandalone target not found
Refreshing native plugins compatible for Editor in 0.48 ms, found 1 plugins.
Preloading 0 native plugins for Editor in 0.00 ms.
Invoked RoslynAnalysisRunner static constructor.
RoslynAnalysisRunner will not be running.
RoslynAnalysisRunner has terminated.
Mono: successfully reloaded assembly
- Completed reload, in  1.208 seconds
Platform modules already initialized, skipping
Refreshing native plugins compatible for Editor in 0.42 ms, found 1 plugins.
Preloading 0 native plugins for Editor in 0.00 ms.
Unloading 1379 Unused Serialized files (Serialized files now loaded: 0)
System memory in use before: 137.9 MB.
System memory in use after: 138.0 MB.

Unloading 24 unused Assets to reduce memory usage. Loaded Objects now: 1893.
Total: 2.329008 ms (FindLiveObjects: 0.424024 ms CreateObjectMapping: 0.075377 ms MarkObjects: 1.798672 ms  DeleteObjects: 0.029735 ms)

========================================================================
Received Prepare
Registering precompiled user dll's ...
Registered in 0.001626 seconds.
Begin MonoManager ReloadAssembly
Native extension for OSXStandalone target not found
Refreshing native plugins compatible for Editor in 0.43 ms, found 1 plugins.
Preloading 0 native plugins for Editor in 0.00 ms.
Invoked RoslynAnalysisRunner static constructor.
RoslynAnalysisRunner will not be running.
RoslynAnalysisRunner has terminated.
Mono: successfully reloaded assembly
- Completed reload, in  1.406 seconds
Platform modules already initialized, skipping
Refreshing native plugins compatible for Editor in 0.45 ms, found 1 plugins.
Preloading 0 native plugins for Editor in 0.00 ms.
Unloading 1379 Unused Serialized files (Serialized files now loaded: 0)
System memory in use before: 138.3 MB.
System memory in use after: 138.3 MB.

Unloading 24 unused Assets to reduce memory usage. Loaded Objects now: 1895.
Total: 2.382852 ms (FindLiveObjects: 0.276677 ms CreateObjectMapping: 0.076017 ms MarkObjects: 2.001772 ms  DeleteObjects: 0.026334 ms)

========================================================================
Received Prepare
Registering precompiled user dll's ...
Registered in 0.001053 seconds.
Begin MonoManager ReloadAssembly
Native extension for OSXStandalone target not found
Refreshing native plugins compatible for Editor in 0.54 ms, found 1 plugins.
Preloading 0 native plugins for Editor in 0.00 ms.
Invoked RoslynAnalysisRunner static constructor.
RoslynAnalysisRunner will not be running.
RoslynAnalysisRunner has terminated.
Mono: successfully reloaded assembly
- Completed reload, in  1.528 seconds
Platform modules already initialized, skipping
Refreshing native plugins compatible for Editor in 0.63 ms, found 1 plugins.
Preloading 0 native plugins for Editor in 0.00 ms.
Unloading 1379 Unused Serialized files (Serialized files now loaded: 0)
System memory in use before: 138.6 MB.
System memory in use after: 138.7 MB.

Unloading 24 unused Assets to reduce memory usage. Loaded Objects now: 1897.
Total: 2.312490 ms (FindLiveObjects: 0.291440 ms CreateObjectMapping: 0.075253 ms MarkObjects: 1.916146 ms  DeleteObjects: 0.026908 ms)

========================================================================
Received Prepare
Registering precompiled user dll's ...
Registered in 0.001374 seconds.
Begin MonoManager ReloadAssembly
Native extension for OSXStandalone target not found
Refreshing native plugins compatible for Editor in 0.48 ms, found 1 plugins.
Preloading 0 native plugins for Editor in 0.00 ms.
Invoked RoslynAnalysisRunner static constructor.
RoslynAnalysisRunner will not be running.
RoslynAnalysisRunner has terminated.
Mono: successfully reloaded assembly
- Completed reload, in  1.350 seconds
Platform modules already initialized, skipping
Refreshing native plugins compatible for Editor in 0.45 ms, found 1 plugins.
Preloading 0 native plugins for Editor in 0.00 ms.
Unloading 1379 Unused Serialized files (Serialized files now loaded: 0)
System memory in use before: 139.0 MB.
System memory in use after: 139.1 MB.

Unloading 24 unused Assets to reduce memory usage. Loaded Objects now: 1899.
Total: 2.143962 ms (FindLiveObjects: 0.272635 ms CreateObjectMapping: 0.122707 ms MarkObjects: 1.724068 ms  DeleteObjects: 0.021877 ms)

========================================================================
Received Prepare
Registering precompiled user dll's ...
Registered in 0.001053 seconds.
Begin MonoManager ReloadAssembly
Native extension for OSXStandalone target not found
Refreshing native plugins compatible for Editor in 0.44 ms, found 1 plugins.
Preloading 0 native plugins for Editor in 0.00 ms.
Invoked RoslynAnalysisRunner static constructor.
RoslynAnalysisRunner will not be running.
RoslynAnalysisRunner has terminated.
Mono: successfully reloaded assembly
- Completed reload, in  1.317 seconds
Platform modules already initialized, skipping
Refreshing native plugins compatible for Editor in 0.64 ms, found 1 plugins.
Preloading 0 native plugins for Editor in 0.00 ms.
Unloading 1380 Unused Serialized files (Serialized files now loaded: 0)
System memory in use before: 139.3 MB.
System memory in use after: 139.4 MB.

Unloading 24 unused Assets to reduce memory usage. Loaded Objects now: 1902.
Total: 2.177020 ms (FindLiveObjects: 0.310367 ms CreateObjectMapping: 0.085923 ms MarkObjects: 1.753739 ms  DeleteObjects: 0.022658 ms)

========================================================================
Received Import Request.
  Time since last request: 1124.661625 seconds.
  path: Assets/Scripts/FollowCamera.cs
  artifactKey: Guid(7106ad73d42614c50adaee612df27c6f) Importer(815301076,1909f56bfc062723c751e8b465ee728b)
Start importing Assets/Scripts/FollowCamera.cs using Guid(7106ad73d42614c50adaee612df27c6f) Importer(815301076,1909f56bfc062723c751e8b465ee728b)  -> (artifact id: 'f01bf7a01eda6f8e94f0bfeafba93858') in 0.013402 seconds
  Import took 0.017534 seconds .

========================================================================
Received Prepare
Registering precompiled user dll's ...
Registered in 0.001033 seconds.
Begin MonoManager ReloadAssembly
Native extension for OSXStandalone target not found
Refreshing native plugins compatible for Editor in 0.50 ms, found 1 plugins.
Preloading 0 native plugins for Editor in 0.00 ms.
Invoked RoslynAnalysisRunner static constructor.
RoslynAnalysisRunner will not be running.
RoslynAnalysisRunner has terminated.
Mono: successfully reloaded assembly
- Completed reload, in  1.320 seconds
Platform modules already initialized, skipping
Refreshing native plugins compatible for Editor in 0.46 ms, found 1 plugins.
Preloading 0 native plugins for Editor in 0.00 ms.
Unloading 1380 Unused Serialized files (Serialized files now loaded: 0)
System memory in use before: 138.8 MB.
System memory in use after: 138.9 MB.

Unloading 24 unused Assets to reduce memory usage. Loaded Objects now: 1904.
Total: 2.416198 ms (FindLiveObjects: 0.279161 ms CreateObjectMapping: 0.076206 ms MarkObjects: 2.031686 ms  DeleteObjects: 0.027113 ms)

========================================================================
Received Import Request.
  Time since last request: 5.583020 seconds.
  path: Assets/Scripts/EagleSpawner.cs
  artifactKey: Guid(2db27e23fb74640d895646ac4854f2f9) Importer(815301076,1909f56bfc062723c751e8b465ee728b)
Start importing Assets/Scripts/EagleSpawner.cs using Guid(2db27e23fb74640d895646ac4854f2f9) Importer(815301076,1909f56bfc062723c751e8b465ee728b)  -> (artifact id: 'd2538af70fc80fc8b84c14c44675e5c1') in 0.005768 seconds
  Import took 0.008688 seconds .

========================================================================
Received Import Request.
  Time since last request: 0.042198 seconds.
  path: Assets/Scripts/EagleSpawner.cs
  artifactKey: Guid(2db27e23fb74640d895646ac4854f2f9) Importer(815301076,1909f56bfc062723c751e8b465ee728b)
Start importing Assets/Scripts/EagleSpawner.cs using Guid(2db27e23fb74640d895646ac4854f2f9) Importer(815301076,1909f56bfc062723c751e8b465ee728b)  -> (artifact id: 'd2538af70fc80fc8b84c14c44675e5c1') in 0.001867 seconds
  Import took 0.006515 seconds .

========================================================================
Received Prepare
Registering precompiled user dll's ...
Registered in 0.001051 seconds.
Begin MonoManager ReloadAssembly
Native extension for OSXStandalone target not found
Refreshing native plugins compatible for Editor in 0.46 ms, found 1 plugins.
Preloading 0 native plugins for Editor in 0.00 ms.
Invoked RoslynAnalysisRunner static constructor.
RoslynAnalysisRunner will not be running.
RoslynAnalysisRunner has terminated.
Mono: successfully reloaded assembly
- Completed reload, in  1.288 seconds
Platform modules already initialized, skipping
Refreshing native plugins compatible for Editor in 0.45 ms, found 1 plugins.
Preloading 0 native plugins for Editor in 0.00 ms.
Unloading 1380 Unused Serialized files (Serialized files now loaded: 0)
System memory in use before: 139.2 MB.
System memory in use after: 139.3 MB.

Unloading 24 unused Assets to reduce memory usage. Loaded Objects now: 1906.
Total: 2.059002 ms (FindLiveObjects: 0.238459 ms CreateObjectMapping: 0.065452 ms MarkObjects: 1.733593 ms  DeleteObjects: 0.020313 ms)

========================================================================
Received Import Request.
  Time since last request: 119.660473 seconds.
  path: Assets/Scripts/EagleSpawner.cs
  artifactKey: Guid(2db27e23fb74640d895646ac4854f2f9) Importer(815301076,1909f56bfc062723c751e8b465ee728b)
Start importing Assets/Scripts/EagleSpawner.cs using Guid(2db27e23fb74640d895646ac4854f2f9) Importer(815301076,1909f56bfc062723c751e8b465ee728b)  -> (artifact id: 'd2a1d80ea909576167ce83c9304b275b') in 0.004582 seconds
  Import took 0.007451 seconds .

========================================================================
Received Import Request.
  Time since last request: 0.003994 seconds.
  path: Assets/Scripts/EagleSpawner.cs
  artifactKey: Guid(2db27e23fb74640d895646ac4854f2f9) Importer(815301076,1909f56bfc062723c751e8b465ee728b)
Start importing Assets/Scripts/EagleSpawner.cs using Guid(2db27e23fb74640d895646ac4854f2f9) Importer(815301076,1909f56bfc062723c751e8b465ee728b)  -> (artifact id: 'd2a1d80ea909576167ce83c9304b275b') in 0.001894 seconds
  Import took 0.005461 seconds .

========================================================================
Received Prepare
Registering precompiled user dll's ...
Registered in 0.001119 seconds.
Begin MonoManager ReloadAssembly
Native extension for OSXStandalone target not found
Refreshing native plugins compatible for Editor in 0.49 ms, found 1 plugins.
Preloading 0 native plugins for Editor in 0.00 ms.
Invoked RoslynAnalysisRunner static constructor.
RoslynAnalysisRunner will not be running.
RoslynAnalysisRunner has terminated.
Mono: successfully reloaded assembly
- Completed reload, in  1.416 seconds
Platform modules already initialized, skipping
Refreshing native plugins compatible for Editor in 0.45 ms, found 1 plugins.
Preloading 0 native plugins for Editor in 0.00 ms.
Unloading 1380 Unused Serialized files (Serialized files now loaded: 0)
System memory in use before: 139.6 MB.
System memory in use after: 139.7 MB.

Unloading 24 unused Assets to reduce memory usage. Loaded Objects now: 1908.
Total: 2.280801 ms (FindLiveObjects: 0.421020 ms CreateObjectMapping: 0.102583 ms MarkObjects: 1.731347 ms  DeleteObjects: 0.023537 ms)

========================================================================
Received Import Request.
  Time since last request: 24.872656 seconds.
  path: Assets/Scripts/EscapeToQuit.cs
  artifactKey: Guid(f94d0867ffc997641bcbb6c599694088) Importer(815301076,1909f56bfc062723c751e8b465ee728b)
Start importing Assets/Scripts/EscapeToQuit.cs using Guid(f94d0867ffc997641bcbb6c599694088) Importer(815301076,1909f56bfc062723c751e8b465ee728b)  -> (artifact id: 'b01d27eb198b13d6919302f2c42b80f5') in 0.005457 seconds
  Import took 0.009024 seconds .

========================================================================
Received Prepare
Registering precompiled user dll's ...
Registered in 0.001029 seconds.
Begin MonoManager ReloadAssembly
Native extension for OSXStandalone target not found
Refreshing native plugins compatible for Editor in 0.51 ms, found 1 plugins.
Preloading 0 native plugins for Editor in 0.00 ms.
Invoked RoslynAnalysisRunner static constructor.
RoslynAnalysisRunner will not be running.
RoslynAnalysisRunner has terminated.
Mono: successfully reloaded assembly
- Completed reload, in  1.289 seconds
Platform modules already initialized, skipping
Refreshing native plugins compatible for Editor in 0.58 ms, found 1 plugins.
Preloading 0 native plugins for Editor in 0.00 ms.
Unloading 1379 Unused Serialized files (Serialized files now loaded: 0)
System memory in use before: 139.9 MB.
System memory in use after: 140.0 MB.

Unloading 25 unused Assets to reduce memory usage. Loaded Objects now: 1909.
Total: 2.240050 ms (FindLiveObjects: 0.441994 ms CreateObjectMapping: 0.133423 ms MarkObjects: 1.637492 ms  DeleteObjects: 0.024923 ms)

========================================================================
Received Import Request.
  Time since last request: 6.209588 seconds.
  path: Assets/Scripts/Flee.cs
  artifactKey: Guid(cb42b9df124f72d40a97d04eebefb5a2) Importer(815301076,1909f56bfc062723c751e8b465ee728b)
Start importing Assets/Scripts/Flee.cs using Guid(cb42b9df124f72d40a97d04eebefb5a2) Importer(815301076,1909f56bfc062723c751e8b465ee728b)  -> (artifact id: 'd2de232985c3ce8cc84746103f014d39') in 0.005226 seconds
  Import took 0.008541 seconds .

========================================================================
Received Prepare
Registering precompiled user dll's ...
Registered in 0.001142 seconds.
Begin MonoManager ReloadAssembly
Native extension for OSXStandalone target not found
Refreshing native plugins compatible for Editor in 0.45 ms, found 1 plugins.
Preloading 0 native plugins for Editor in 0.00 ms.
Invoked RoslynAnalysisRunner static constructor.
RoslynAnalysisRunner will not be running.
RoslynAnalysisRunner has terminated.
Mono: successfully reloaded assembly
- Completed reload, in  1.384 seconds
Platform modules already initialized, skipping
Refreshing native plugins compatible for Editor in 0.49 ms, found 1 plugins.
Preloading 0 native plugins for Editor in 0.00 ms.
Unloading 1375 Unused Serialized files (Serialized files now loaded: 0)
System memory in use before: 140.1 MB.
System memory in use after: 140.2 MB.

Unloading 28 unused Assets to reduce memory usage. Loaded Objects now: 1907.
Total: 2.855549 ms (FindLiveObjects: 0.226195 ms CreateObjectMapping: 0.053232 ms MarkObjects: 2.546477 ms  DeleteObjects: 0.027254 ms)

========================================================================
Received Prepare
Registering precompiled user dll's ...
Registered in 0.001040 seconds.
Begin MonoManager ReloadAssembly
Native extension for OSXStandalone target not found
Refreshing native plugins compatible for Editor in 0.43 ms, found 1 plugins.
Preloading 0 native plugins for Editor in 0.00 ms.
Invoked RoslynAnalysisRunner static constructor.
RoslynAnalysisRunner will not be running.
RoslynAnalysisRunner has terminated.
Mono: successfully reloaded assembly
- Completed reload, in  1.213 seconds
Platform modules already initialized, skipping
Refreshing native plugins compatible for Editor in 0.59 ms, found 1 plugins.
Preloading 0 native plugins for Editor in 0.00 ms.
Unloading 1374 Unused Serialized files (Serialized files now loaded: 0)
System memory in use before: 139.5 MB.
System memory in use after: 139.6 MB.

Unloading 25 unused Assets to reduce memory usage. Loaded Objects now: 1908.
Total: 2.161272 ms (FindLiveObjects: 0.252071 ms CreateObjectMapping: 0.056799 ms MarkObjects: 1.823974 ms  DeleteObjects: 0.026920 ms)

========================================================================
Received Import Request.
  Time since last request: 44.284996 seconds.
  path: Assets/Scenes
  artifactKey: Guid(e88556ebbab604a4e808813b6e53b270) Importer(815301076,1909f56bfc062723c751e8b465ee728b)
Start importing Assets/Scenes using Guid(e88556ebbab604a4e808813b6e53b270) Importer(815301076,1909f56bfc062723c751e8b465ee728b)  -> (artifact id: '14a69a3bdd796a392cb4cc50451f860d') in 0.005252 seconds
  Import took 0.009665 seconds .

========================================================================
Received Prepare
Registering precompiled user dll's ...
Registered in 0.001035 seconds.
Begin MonoManager ReloadAssembly
Native extension for OSXStandalone target not found
Refreshing native plugins compatible for Editor in 0.64 ms, found 1 plugins.
Preloading 0 native plugins for Editor in 0.00 ms.
Invoked RoslynAnalysisRunner static constructor.
RoslynAnalysisRunner will not be running.
RoslynAnalysisRunner has terminated.
Mono: successfully reloaded assembly
- Completed reload, in  1.419 seconds
Platform modules already initialized, skipping
Refreshing native plugins compatible for Editor in 0.66 ms, found 1 plugins.
Preloading 0 native plugins for Editor in 0.00 ms.
Unloading 1374 Unused Serialized files (Serialized files now loaded: 0)
System memory in use before: 139.9 MB.
System memory in use after: 140.0 MB.

Unloading 24 unused Assets to reduce memory usage. Loaded Objects now: 1910.
Total: 2.514282 ms (FindLiveObjects: 0.249432 ms CreateObjectMapping: 0.105188 ms MarkObjects: 2.127198 ms  DeleteObjects: 0.030780 ms)

========================================================================
Received Import Request.
  Time since last request: 40.920174 seconds.
  path: Assets/Scripts/FollowCamera.cs
  artifactKey: Guid(7106ad73d42614c50adaee612df27c6f) Importer(815301076,1909f56bfc062723c751e8b465ee728b)
Start importing Assets/Scripts/FollowCamera.cs using Guid(7106ad73d42614c50adaee612df27c6f) Importer(815301076,1909f56bfc062723c751e8b465ee728b)  -> (artifact id: 'ff868d52017a8607751cb3b75d3605b7') in 0.005494 seconds
  Import took 0.008719 seconds .

========================================================================
Received Prepare
Registering precompiled user dll's ...
Registered in 0.001341 seconds.
Begin MonoManager ReloadAssembly
Native extension for OSXStandalone target not found
Refreshing native plugins compatible for Editor in 0.46 ms, found 1 plugins.
Preloading 0 native plugins for Editor in 0.00 ms.
Invoked RoslynAnalysisRunner static constructor.
RoslynAnalysisRunner will not be running.
RoslynAnalysisRunner has terminated.
Mono: successfully reloaded assembly
- Completed reload, in  1.383 seconds
Platform modules already initialized, skipping
Refreshing native plugins compatible for Editor in 0.43 ms, found 1 plugins.
Preloading 0 native plugins for Editor in 0.00 ms.
Unloading 1374 Unused Serialized files (Serialized files now loaded: 0)
System memory in use before: 140.3 MB.
System memory in use after: 140.4 MB.

Unloading 24 unused Assets to reduce memory usage. Loaded Objects now: 1912.
Total: 2.189000 ms (FindLiveObjects: 0.311655 ms CreateObjectMapping: 0.079893 ms MarkObjects: 1.768743 ms  DeleteObjects: 0.026506 ms)

========================================================================
Received Import Request.
  Time since last request: 39.556654 seconds.
  path: Assets/Lab 4.unity
  artifactKey: Guid(805dcc7eb61564a17a6779894c879dcf) Importer(815301076,1909f56bfc062723c751e8b465ee728b)
Start importing Assets/Lab 4.unity using Guid(805dcc7eb61564a17a6779894c879dcf) Importer(815301076,1909f56bfc062723c751e8b465ee728b)  -> (artifact id: 'eaf8aefd971e99d9bf9274c0124d5a07') in 0.019063 seconds
  Import took 0.023279 seconds .

========================================================================
Received Import Request.
  Time since last request: 0.841114 seconds.
  path: Assets/Scenes/OffsetPursue.unity
  artifactKey: Guid(ad04b12d921735448b7787c8c5f9e963) Importer(815301076,1909f56bfc062723c751e8b465ee728b)
Start importing Assets/Scenes/OffsetPursue.unity using Guid(ad04b12d921735448b7787c8c5f9e963) Importer(815301076,1909f56bfc062723c751e8b465ee728b)  -> (artifact id: '742ab74b569945700b1d34abb86fdceb') in 0.003623 seconds
  Import took 0.009559 seconds .

========================================================================
Received Import Request.
  Time since last request: 2.555581 seconds.
  path: Assets/Scenes/SampleScene.unity
  artifactKey: Guid(c18896277eeba8842b6e7a80d03b4bf7) Importer(815301076,1909f56bfc062723c751e8b465ee728b)
Start importing Assets/Scenes/SampleScene.unity using Guid(c18896277eeba8842b6e7a80d03b4bf7) Importer(815301076,1909f56bfc062723c751e8b465ee728b)  -> (artifact id: 'ea2c328b885576f710ba55d16d39cab8') in 0.004818 seconds
  Import took 0.009386 seconds .

========================================================================
Received Import Request.
  Time since last request: 0.353670 seconds.
  path: Assets/Scenes/PursueAndPathFollowWithComponents.unity
  artifactKey: Guid(3ed0c7388a1298345b32d4f912444c2a) Importer(815301076,1909f56bfc062723c751e8b465ee728b)
Start importing Assets/Scenes/PursueAndPathFollowWithComponents.unity using Guid(3ed0c7388a1298345b32d4f912444c2a) Importer(815301076,1909f56bfc062723c751e8b465ee728b)  -> (artifact id: 'c07934e70c5fbac376bcbce9f4a6b614') in 0.004663 seconds
  Import took 0.009088 seconds .

========================================================================
Received Import Request.
  Time since last request: 0.247385 seconds.
  path: Assets/Scenes/PlayerSteering.unity
  artifactKey: Guid(a270c309782de6347b518c5496806ea4) Importer(815301076,1909f56bfc062723c751e8b465ee728b)
Start importing Assets/Scenes/PlayerSteering.unity using Guid(a270c309782de6347b518c5496806ea4) Importer(815301076,1909f56bfc062723c751e8b465ee728b)  -> (artifact id: '2ec0e74f34448eecb03be0235bf8feea') in 0.003451 seconds
  Import took 0.008950 seconds .

========================================================================
Received Prepare
Registering precompiled user dll's ...
Registered in 0.001105 seconds.
Begin MonoManager ReloadAssembly
Native extension for OSXStandalone target not found
Refreshing native plugins compatible for Editor in 0.57 ms, found 1 plugins.
Preloading 0 native plugins for Editor in 0.00 ms.
Invoked RoslynAnalysisRunner static constructor.
RoslynAnalysisRunner will not be running.
RoslynAnalysisRunner has terminated.
Mono: successfully reloaded assembly
- Completed reload, in  1.284 seconds
Platform modules already initialized, skipping
Refreshing native plugins compatible for Editor in 0.50 ms, found 1 plugins.
Preloading 0 native plugins for Editor in 0.00 ms.
Unloading 1374 Unused Serialized files (Serialized files now loaded: 0)
System memory in use before: 140.7 MB.
System memory in use after: 140.8 MB.

Unloading 24 unused Assets to reduce memory usage. Loaded Objects now: 1914.
Total: 2.133610 ms (FindLiveObjects: 0.300292 ms CreateObjectMapping: 0.053392 ms MarkObjects: 1.756797 ms  DeleteObjects: 0.021772 ms)

========================================================================
Received Prepare
Registering precompiled user dll's ...
Registered in 0.002581 seconds.
Begin MonoManager ReloadAssembly
Native extension for OSXStandalone target not found
Refreshing native plugins compatible for Editor in 0.43 ms, found 1 plugins.
Preloading 0 native plugins for Editor in 0.00 ms.
Invoked RoslynAnalysisRunner static constructor.
RoslynAnalysisRunner will not be running.
RoslynAnalysisRunner has terminated.
Mono: successfully reloaded assembly
- Completed reload, in  1.256 seconds
Platform modules already initialized, skipping
Refreshing native plugins compatible for Editor in 0.48 ms, found 1 plugins.
Preloading 0 native plugins for Editor in 0.00 ms.
Unloading 1374 Unused Serialized files (Serialized files now loaded: 0)
System memory in use before: 140.9 MB.
System memory in use after: 141.0 MB.

Unloading 24 unused Assets to reduce memory usage. Loaded Objects now: 1916.
Total: 2.270110 ms (FindLiveObjects: 0.375930 ms CreateObjectMapping: 0.093542 ms MarkObjects: 1.729679 ms  DeleteObjects: 0.023752 ms)

